<?xml version="1.0" encoding="UTF-8"?>
<!-- Generated by org.testng.reporters.JUnitReportReporter -->
<testsuite name="com.testng.ParameterTest" tests="1" time="72.155" ignored="0" failures="0" timestamp="25 Jun 2020 14:35:40 GMT" skipped="0" hostname="DESKTOP-39UJIFT" errors="0">
  <testcase name="logintest" time="72.155" classname="com.testng.ParameterTest"/>
</testsuite> <!-- com.testng.ParameterTest -->
