<?xml version="1.0" encoding="UTF-8"?>
<!-- Generated by org.testng.reporters.JUnitReportReporter -->
<testsuite name="com.data.provider.DataProviderTest" tests="6" time="92.169" ignored="0" failures="0" timestamp="02 Jul 2020 08:12:56 GMT" skipped="0" hostname="DESKTOP-39UJIFT" errors="0">
  <testcase name="f" time="12.953" classname="com.data.provider.DataProviderTest"/>
  <testcase name="f" time="17.321" classname="com.data.provider.DataProviderTest"/>
  <testcase name="f" time="13.458" classname="com.data.provider.DataProviderTest"/>
  <testcase name="f" time="15.994" classname="com.data.provider.DataProviderTest"/>
  <testcase name="f" time="18.769" classname="com.data.provider.DataProviderTest"/>
  <testcase name="f" time="13.674" classname="com.data.provider.DataProviderTest"/>
</testsuite> <!-- com.data.provider.DataProviderTest -->
