<?xml version="1.0" encoding="UTF-8"?>
<!-- Generated by org.testng.reporters.JUnitReportReporter -->
<testsuite name="com.hardassertion.HardAssertion" tests="1" time="0.013" ignored="0" failures="0" timestamp="06 Jul 2020 11:32:38 GMT" skipped="0" hostname="DESKTOP-39UJIFT" errors="0">
  <testcase name="test1" time="0.013" classname="com.hardassertion.HardAssertion"/>
</testsuite> <!-- com.hardassertion.HardAssertion -->
